Request #1: GET /person Accept: application/xml
=> Result: OK
=> HTTP Status: 200
<?xml version="1.0" encoding="UTF-8"?><people>
  <person>
    <birthdate>31/12/1944</birthdate>
    <email>chuck.norris@gmail.com</email>
    <firstname>Chuck</firstname>
    <idPerson>1</idPerson>
    <lastname>Norris</lastname>
    <healthprofile>
      <measureType>
        <measure>height</measure>
        <value>1.73</value>
      </measureType>
      <measureType>
        <measure>weight</measure>
        <value>72</value>
      </measureType>
    </healthprofile>
    <username>chuck.norris</username>
  </person>
  <person>
    <birthdate>16/07/1964</birthdate>
    <email>pallino.panco@gmail.com</email>
    <firstname>Pallino</firstname>
    <idPerson>2</idPerson>
    <lastname>Pinco</lastname>
    <healthprofile>
      <measureType>
        <measure>weight</measure>
        <value>85</value>
      </measureType>
      <measureType>
        <measure>height</measure>
        <value>1.65</value>
      </measureType>
      <measureType>
        <measure>blood pressure</measure>
        <value>120</value>
      </measureType>
    </healthprofile>
    <username>pallino.panco</username>
  </person>
  <person>
    <birthdate>08/12/1959</birthdate>
    <email>pippo.pappo@gmail.com</email>
    <firstname>Pappo</firstname>
    <idPerson>3</idPerson>
    <lastname>Pippo</lastname>
    <healthprofile>
      <measureType>
        <measure>weight</measure>
        <value>87</value>
      </measureType>
      <measureType>
        <measure>height</measure>
        <value>1.68</value>
      </measureType>
    </healthprofile>
    <username>pippo</username>
  </person>
  <person>
    <birthdate>09/11/1993</birthdate>
    <email>sara@gmail.com</email>
    <firstname>Sara</firstname>
    <idPerson>4</idPerson>
    <lastname>Rossi</lastname>
    <healthprofile>
      <measureType>
        <measure>weight</measure>
        <value>55</value>
      </measureType>
      <measureType>
        <measure>height</measure>
        <value>1.62</value>
      </measureType>
    </healthprofile>
    <username>sara</username>
  </person>
  <person>
    <birthdate>19/10/1985</birthdate>
    <email>johndoe@gmail.com</email>
    <firstname>John</firstname>
    <idPerson>5</idPerson>
    <lastname>Doe</lastname>
    <healthprofile>
      <measureType>
        <measure>weight</measure>
        <value>93</value>
      </measureType>
      <measureType>
        <measure>height</measure>
        <value>1.90</value>
      </measureType>
    </healthprofile>
    <username>jdoe</username>
  </person>
  <person>
    <birthdate>31/12/1979</birthdate>
    <email>tc@gmail.com</email>
    <firstname>Tizio</firstname>
    <idPerson>6</idPerson>
    <lastname>Caio</lastname>
    <healthprofile>
      <measureType>
        <measure>height</measure>
        <value>1.79</value>
      </measureType>
      <measureType>
        <measure>weight</measure>
        <value>69</value>
      </measureType>
    </healthprofile>
    <username>caioT</username>
  </person>
</people>

Request #2: GET /person/1 Accept: application/xml
=> Result: OK
=> HTTP Status: 200
<?xml version="1.0" encoding="UTF-8"?><person>
  <birthdate>31/12/1944</birthdate>
  <email>chuck.norris@gmail.com</email>
  <firstname>Chuck</firstname>
  <idPerson>1</idPerson>
  <lastname>Norris</lastname>
  <healthprofile>
    <measureType>
      <measure>height</measure>
      <value>1.73</value>
    </measureType>
    <measureType>
      <measure>weight</measure>
      <value>72</value>
    </measureType>
  </healthprofile>
  <username>chuck.norris</username>
</person>

Request #3: PUT /person/1 Accept: application/xml Content-Type:  application/xml
=> Result: OK
=> HTTP Status: 200
<?xml version="1.0" encoding="UTF-8"?><person>
  <birthdate>31/12/1944</birthdate>
  <email>chuck.norris@gmail.com</email>
  <firstname>Jon</firstname>
  <idPerson>1</idPerson>
  <lastname>Norris</lastname>
  <healthprofile>
    <measureType>
      <measure>height</measure>
      <value>1.73</value>
    </measureType>
    <measureType>
      <measure>weight</measure>
      <value>72</value>
    </measureType>
  </healthprofile>
  <username>chuck.norris</username>
</person>

Request #4: POST /person Accept: application/xml Content-Type:  application/xml
=> Result: OK
=> HTTP Status: 200
<?xml version="1.0" encoding="UTF-8"?><person>
  <birthdate>01/01/1945</birthdate>
  <firstname>Chuck</firstname>
  <idPerson>2354</idPerson>
  <lastname>Norris</lastname>
  <healthprofile>
    <measureType>
      <measure>weight</measure>
      <value>78.9</value>
    </measureType>
    <measureType>
      <measure>height</measure>
      <value>172</value>
    </measureType>
  </healthprofile>
</person>

Request #5: DELETE /person/2354 Accept: application/xml
=> Result: OK
=> HTTP Status: 204
<?xml version="1.0" encoding="UTF-8" standalone="no"?>


Request #6: GET /measureTypes Accept: application/xml
=> Result: OK
=> HTTP Status: 200
<?xml version="1.0" encoding="UTF-8"?><measureDefinitions>
  <measureType>weight</measureType>
  <measureType>height</measureType>
  <measureType>steps</measureType>
  <measureType>blood pressure</measureType>
  <measureType>heart rate</measureType>
  <measureType>bmi</measureType>
</measureDefinitions>

Request #7: GET /person/1/height Accept: application/xml
=> Result: OK
=> HTTP Status: 200
<?xml version="1.0" encoding="UTF-8"?><healthMeasureHistories>
  <healthMeasureHistory>
    <mid>2</mid>
    <measureDefinition>height</measureDefinition>
    <created>2016-11-15T23:00:00.000Z</created>
    <value>1.8</value>
  </healthMeasureHistory>
</healthMeasureHistories>

Request #8: GET /person/1/height/2 Accept: application/xml
=> Result: OK
=> HTTP Status: 200
<?xml version="1.0" encoding="UTF-8"?><healthMeasureHistory>
  <mid>2</mid>
  <measureDefinition>height</measureDefinition>
  <created>2016-11-15T23:00:00.000Z</created>
  <value>1.8</value>
</healthMeasureHistory>

Request #9: POST /person/1/height Accept: application/xml Content-Type:  application/xml
=> Result: OK
=> HTTP Status: 200
<?xml version="1.0" encoding="UTF-8"?><measureType>
  <measure>height</measure>
  <value>72</value>
</measureType>

Request #10: PUT /person/1/height/2 Accept: application/xml Content-Type:  application/xml
=> Result: OK
=> HTTP Status: 200
<?xml version="1.0" encoding="UTF-8"?><healthMeasureHistory>
  <mid>2</mid>
  <measureDefinition>height</measureDefinition>
  <created>2016-11-15T23:00:00.000Z</created>
  <value>82</value>
</healthMeasureHistory>

Request #11: GET /person/1/weight?before=20-11-2016&after=10-11-1990 Accept: application/xml
=> Result: OK
=> HTTP Status: 200
<?xml version="1.0" encoding="UTF-8"?><healthMeasureHistories>
  <healthMeasureHistory>
    <mid>1</mid>
    <measureDefinition>weight</measureDefinition>
    <created>2016-11-15T23:00:00.000Z</created>
    <value>83</value>
  </healthMeasureHistory>
  <healthMeasureHistory>
    <mid>3</mid>
    <measureDefinition>weight</measureDefinition>
    <created>2015-06-14T22:00:00.000Z</created>
    <value>75</value>
  </healthMeasureHistory>
</healthMeasureHistories>

Request #12: GET /person?measureType=weight&max=95&min=85 Accept: application/xml
=> Result: OK
=> HTTP Status: 200
<?xml version="1.0" encoding="UTF-8"?><people>
  <person>
    <birthdate>08/12/1959</birthdate>
    <email>pippo.pappo@gmail.com</email>
    <firstname>Pappo</firstname>
    <idPerson>3</idPerson>
    <lastname>Pippo</lastname>
    <healthprofile>
      <measureType>
        <measure>weight</measure>
        <value>87</value>
      </measureType>
      <measureType>
        <measure>height</measure>
        <value>1.68</value>
      </measureType>
    </healthprofile>
    <username>pippo</username>
  </person>
  <person>
    <birthdate>19/10/1985</birthdate>
    <email>johndoe@gmail.com</email>
    <firstname>John</firstname>
    <idPerson>5</idPerson>
    <lastname>Doe</lastname>
    <healthprofile>
      <measureType>
        <measure>weight</measure>
        <value>93</value>
      </measureType>
      <measureType>
        <measure>height</measure>
        <value>1.90</value>
      </measureType>
    </healthprofile>
    <username>jdoe</username>
  </person>
</people>

